Started GET "/" for 127.0.0.1 at 2018-08-19 14:41:16 -0300
Processing by Rails::WelcomeController#index as HTML
  Rendering /Users/lsanchez/.rvm/gems/ruby-2.4.1/gems/railties-5.2.1/lib/rails/templates/rails/welcome/index.html.erb
  Rendered /Users/lsanchez/.rvm/gems/ruby-2.4.1/gems/railties-5.2.1/lib/rails/templates/rails/welcome/index.html.erb (3.3ms)
Completed 200 OK in 24ms (Views: 11.9ms | ActiveRecord: 0.0ms)


Started GET "/pages" for 127.0.0.1 at 2018-08-19 14:41:22 -0300
  
ActionController::RoutingError (No route matches [GET] "/pages"):
  
actionpack (5.2.1) lib/action_dispatch/middleware/debug_exceptions.rb:65:in `call'
web-console (3.6.2) lib/web_console/middleware.rb:135:in `call_app'
web-console (3.6.2) lib/web_console/middleware.rb:30:in `block in call'
web-console (3.6.2) lib/web_console/middleware.rb:20:in `catch'
web-console (3.6.2) lib/web_console/middleware.rb:20:in `call'
actionpack (5.2.1) lib/action_dispatch/middleware/show_exceptions.rb:33:in `call'
railties (5.2.1) lib/rails/rack/logger.rb:38:in `call_app'
railties (5.2.1) lib/rails/rack/logger.rb:26:in `block in call'
activesupport (5.2.1) lib/active_support/tagged_logging.rb:71:in `block in tagged'
activesupport (5.2.1) lib/active_support/tagged_logging.rb:28:in `tagged'
activesupport (5.2.1) lib/active_support/tagged_logging.rb:71:in `tagged'
railties (5.2.1) lib/rails/rack/logger.rb:26:in `call'
sprockets-rails (3.2.1) lib/sprockets/rails/quiet_assets.rb:13:in `call'
actionpack (5.2.1) lib/action_dispatch/middleware/remote_ip.rb:81:in `call'
actionpack (5.2.1) lib/action_dispatch/middleware/request_id.rb:27:in `call'
rack (2.0.5) lib/rack/method_override.rb:22:in `call'
rack (2.0.5) lib/rack/runtime.rb:22:in `call'
activesupport (5.2.1) lib/active_support/cache/strategy/local_cache_middleware.rb:29:in `call'
actionpack (5.2.1) lib/action_dispatch/middleware/executor.rb:14:in `call'
actionpack (5.2.1) lib/action_dispatch/middleware/static.rb:127:in `call'
rack (2.0.5) lib/rack/sendfile.rb:111:in `call'
railties (5.2.1) lib/rails/engine.rb:524:in `call'
puma (3.12.0) lib/puma/configuration.rb:225:in `call'
puma (3.12.0) lib/puma/server.rb:658:in `handle_request'
puma (3.12.0) lib/puma/server.rb:472:in `process_client'
puma (3.12.0) lib/puma/server.rb:332:in `block in run'
puma (3.12.0) lib/puma/thread_pool.rb:133:in `block in spawn_thread'
Started GET "/pages/index" for 127.0.0.1 at 2018-08-19 14:41:35 -0300
  
ActionController::RoutingError (No route matches [GET] "/pages/index"):
  
actionpack (5.2.1) lib/action_dispatch/middleware/debug_exceptions.rb:65:in `call'
web-console (3.6.2) lib/web_console/middleware.rb:135:in `call_app'
web-console (3.6.2) lib/web_console/middleware.rb:30:in `block in call'
web-console (3.6.2) lib/web_console/middleware.rb:20:in `catch'
web-console (3.6.2) lib/web_console/middleware.rb:20:in `call'
actionpack (5.2.1) lib/action_dispatch/middleware/show_exceptions.rb:33:in `call'
railties (5.2.1) lib/rails/rack/logger.rb:38:in `call_app'
railties (5.2.1) lib/rails/rack/logger.rb:26:in `block in call'
activesupport (5.2.1) lib/active_support/tagged_logging.rb:71:in `block in tagged'
activesupport (5.2.1) lib/active_support/tagged_logging.rb:28:in `tagged'
activesupport (5.2.1) lib/active_support/tagged_logging.rb:71:in `tagged'
railties (5.2.1) lib/rails/rack/logger.rb:26:in `call'
sprockets-rails (3.2.1) lib/sprockets/rails/quiet_assets.rb:13:in `call'
actionpack (5.2.1) lib/action_dispatch/middleware/remote_ip.rb:81:in `call'
actionpack (5.2.1) lib/action_dispatch/middleware/request_id.rb:27:in `call'
rack (2.0.5) lib/rack/method_override.rb:22:in `call'
rack (2.0.5) lib/rack/runtime.rb:22:in `call'
activesupport (5.2.1) lib/active_support/cache/strategy/local_cache_middleware.rb:29:in `call'
actionpack (5.2.1) lib/action_dispatch/middleware/executor.rb:14:in `call'
actionpack (5.2.1) lib/action_dispatch/middleware/static.rb:127:in `call'
rack (2.0.5) lib/rack/sendfile.rb:111:in `call'
railties (5.2.1) lib/rails/engine.rb:524:in `call'
puma (3.12.0) lib/puma/configuration.rb:225:in `call'
puma (3.12.0) lib/puma/server.rb:658:in `handle_request'
puma (3.12.0) lib/puma/server.rb:472:in `process_client'
puma (3.12.0) lib/puma/server.rb:332:in `block in run'
puma (3.12.0) lib/puma/thread_pool.rb:133:in `block in spawn_thread'
Started GET "/pages/index" for 127.0.0.1 at 2018-08-19 14:42:31 -0300
Processing by PagesController#index as HTML
  Rendering pages/index.html.erb within layouts/application
  Rendered pages/index.html.erb within layouts/application (1.5ms)
Completed 200 OK in 479ms (Views: 469.4ms | ActiveRecord: 0.0ms)


Started GET "/pages/about" for 127.0.0.1 at 2018-08-19 14:42:36 -0300
Processing by PagesController#about as HTML
  Rendering pages/about.html.erb within layouts/application
  Rendered pages/about.html.erb within layouts/application (0.4ms)
Completed 200 OK in 19ms (Views: 16.6ms | ActiveRecord: 0.0ms)


Started GET "/" for 127.0.0.1 at 2018-08-19 14:57:35 -0300
  
NoMethodError (undefined method `rott' for #<ActionDispatch::Routing::Mapper:0x007fce32ce6848>
Did you mean?  root):
  
config/routes.rb:4:in `block in <main>'
config/routes.rb:1:in `<main>'
Started GET "/" for 127.0.0.1 at 2018-08-19 14:57:44 -0300
Processing by PagesController#index as HTML
  Rendering pages/index.html.erb within layouts/application
  Rendered pages/index.html.erb within layouts/application (0.4ms)
Completed 200 OK in 20ms (Views: 17.7ms | ActiveRecord: 0.0ms)


Started GET "/" for 127.0.0.1 at 2018-08-19 15:01:31 -0300
Processing by PagesController#index as HTML
  Rendering pages/index.html.erb within layouts/application
  Rendered pages/index.html.erb within layouts/application (225.6ms)
Completed 500 Internal Server Error in 231ms (ActiveRecord: 0.0ms)


  
ActionView::Template::Error (undefined local variable or method `pages_about_parth' for #<#<Class:0x007fce32fde780>:0x007fce366bb208>
Did you mean?  pages_about_path
               pages_about_url):
    1: <h1>Pages#index</h1>
    2: <p>Find me in app/views/pages/index.html.erb</p>
    3: <a href="<%= pages_about_parth %>"> ABOUT</a>
  
app/views/pages/index.html.erb:3:in `_app_views_pages_index_html_erb__441245909372382070_70261826520200'
Started GET "/" for 127.0.0.1 at 2018-08-19 15:01:54 -0300
Processing by PagesController#index as HTML
  Rendering pages/index.html.erb within layouts/application
  Rendered pages/index.html.erb within layouts/application (0.8ms)
Completed 200 OK in 40ms (Views: 36.5ms | ActiveRecord: 0.0ms)


Started GET "/pages/about" for 127.0.0.1 at 2018-08-19 15:01:56 -0300
Processing by PagesController#about as HTML
  Rendering pages/about.html.erb within layouts/application
  Rendered pages/about.html.erb within layouts/application (0.7ms)
Completed 200 OK in 35ms (Views: 31.9ms | ActiveRecord: 0.0ms)


Started GET "/" for 127.0.0.1 at 2018-08-19 15:12:14 -0300
Processing by PagesController#index as HTML
  Rendering pages/index.html.erb within layouts/application
  Rendered pages/index.html.erb within layouts/application (0.5ms)
Completed 200 OK in 18ms (Views: 15.8ms | ActiveRecord: 0.0ms)


Started GET "/pages/about" for 127.0.0.1 at 2018-08-19 15:12:16 -0300
Processing by PagesController#about as HTML
  Rendering pages/about.html.erb within layouts/application
  Rendered pages/about.html.erb within layouts/application (0.5ms)
Completed 200 OK in 25ms (Views: 21.9ms | ActiveRecord: 0.0ms)


Started GET "/okok" for 127.0.0.1 at 2018-08-19 15:17:30 -0300
  
ActionController::RoutingError (No route matches [GET] "/okok"):
  
actionpack (5.2.1) lib/action_dispatch/middleware/debug_exceptions.rb:65:in `call'
web-console (3.6.2) lib/web_console/middleware.rb:135:in `call_app'
web-console (3.6.2) lib/web_console/middleware.rb:30:in `block in call'
web-console (3.6.2) lib/web_console/middleware.rb:20:in `catch'
web-console (3.6.2) lib/web_console/middleware.rb:20:in `call'
actionpack (5.2.1) lib/action_dispatch/middleware/show_exceptions.rb:33:in `call'
railties (5.2.1) lib/rails/rack/logger.rb:38:in `call_app'
railties (5.2.1) lib/rails/rack/logger.rb:26:in `block in call'
activesupport (5.2.1) lib/active_support/tagged_logging.rb:71:in `block in tagged'
activesupport (5.2.1) lib/active_support/tagged_logging.rb:28:in `tagged'
activesupport (5.2.1) lib/active_support/tagged_logging.rb:71:in `tagged'
railties (5.2.1) lib/rails/rack/logger.rb:26:in `call'
sprockets-rails (3.2.1) lib/sprockets/rails/quiet_assets.rb:13:in `call'
actionpack (5.2.1) lib/action_dispatch/middleware/remote_ip.rb:81:in `call'
actionpack (5.2.1) lib/action_dispatch/middleware/request_id.rb:27:in `call'
rack (2.0.5) lib/rack/method_override.rb:22:in `call'
rack (2.0.5) lib/rack/runtime.rb:22:in `call'
activesupport (5.2.1) lib/active_support/cache/strategy/local_cache_middleware.rb:29:in `call'
actionpack (5.2.1) lib/action_dispatch/middleware/executor.rb:14:in `call'
actionpack (5.2.1) lib/action_dispatch/middleware/static.rb:127:in `call'
rack (2.0.5) lib/rack/sendfile.rb:111:in `call'
railties (5.2.1) lib/rails/engine.rb:524:in `call'
puma (3.12.0) lib/puma/configuration.rb:225:in `call'
puma (3.12.0) lib/puma/server.rb:658:in `handle_request'
puma (3.12.0) lib/puma/server.rb:472:in `process_client'
puma (3.12.0) lib/puma/server.rb:332:in `block in run'
puma (3.12.0) lib/puma/thread_pool.rb:133:in `block in spawn_thread'
  [1m[35m (0.1ms)[0m  [1m[34mSELECT sqlite_version(*)[0m
  ↳ bin/rails:9
  [1m[35m (2.1ms)[0m  [1m[35mCREATE TABLE "schema_migrations" ("version" varchar NOT NULL PRIMARY KEY)[0m
  ↳ bin/rails:9
  [1m[35m (1.9ms)[0m  [1m[35mCREATE TABLE "ar_internal_metadata" ("key" varchar NOT NULL PRIMARY KEY, "value" varchar, "created_at" datetime NOT NULL, "updated_at" datetime NOT NULL)[0m
  ↳ bin/rails:9
  [1m[35m (0.2ms)[0m  [1m[34mSELECT "schema_migrations"."version" FROM "schema_migrations" ORDER BY "schema_migrations"."version" ASC[0m
  ↳ bin/rails:9
Migrating to CreateTweets (20180819182923)
  [1m[35m (0.1ms)[0m  [1m[36mbegin transaction[0m
  ↳ bin/rails:9
  [1m[35m (0.6ms)[0m  [1m[35mCREATE TABLE "tweets" ("id" integer PRIMARY KEY AUTOINCREMENT NOT NULL, "content" varchar, "created_at" datetime NOT NULL, "updated_at" datetime NOT NULL)[0m
  ↳ db/migrate/20180819182923_create_tweets.rb:3
  [1m[36mActiveRecord::SchemaMigration Create (0.2ms)[0m  [1m[32mINSERT INTO "schema_migrations" ("version") VALUES (?)[0m  [["version", "20180819182923"]]
  ↳ bin/rails:9
  [1m[35m (1.6ms)[0m  [1m[36mcommit transaction[0m
  ↳ bin/rails:9
  [1m[36mActiveRecord::InternalMetadata Load (0.3ms)[0m  [1m[34mSELECT  "ar_internal_metadata".* FROM "ar_internal_metadata" WHERE "ar_internal_metadata"."key" = ? LIMIT ?[0m  [["key", "environment"], ["LIMIT", 1]]
  ↳ bin/rails:9
  [1m[35m (0.1ms)[0m  [1m[36mbegin transaction[0m
  ↳ bin/rails:9
  [1m[36mActiveRecord::InternalMetadata Create (0.3ms)[0m  [1m[32mINSERT INTO "ar_internal_metadata" ("key", "value", "created_at", "updated_at") VALUES (?, ?, ?, ?)[0m  [["key", "environment"], ["value", "development"], ["created_at", "2018-08-19 18:30:56.613881"], ["updated_at", "2018-08-19 18:30:56.613881"]]
  ↳ bin/rails:9
  [1m[35m (1.5ms)[0m  [1m[36mcommit transaction[0m
  ↳ bin/rails:9
  [1m[35m (0.3ms)[0m  [1m[34mSELECT "schema_migrations"."version" FROM "schema_migrations" ORDER BY "schema_migrations"."version" ASC[0m
  ↳ bin/rails:9
Started GET "/tweets" for 127.0.0.1 at 2018-08-19 15:31:54 -0300
  [1m[35m (0.3ms)[0m  [1m[34mSELECT "schema_migrations"."version" FROM "schema_migrations" ORDER BY "schema_migrations"."version" ASC[0m
  ↳ /Users/lsanchez/.rvm/gems/ruby-2.4.1/gems/activerecord-5.2.1/lib/active_record/log_subscriber.rb:98
Processing by TweetsController#index as HTML
  Rendering tweets/index.html.erb within layouts/application
  [1m[36mTweet Load (0.2ms)[0m  [1m[34mSELECT "tweets".* FROM "tweets"[0m
  ↳ app/views/tweets/index.html.erb:14
  Rendered tweets/index.html.erb within layouts/application (3.9ms)
Completed 200 OK in 309ms (Views: 292.4ms | ActiveRecord: 1.2ms)


Started GET "/tweets/new" for 127.0.0.1 at 2018-08-19 15:33:18 -0300
Processing by TweetsController#new as HTML
  Rendering tweets/new.html.erb within layouts/application
  Rendered tweets/_form.html.erb (21.9ms)
  Rendered tweets/new.html.erb within layouts/application (25.0ms)
Completed 200 OK in 51ms (Views: 42.3ms | ActiveRecord: 0.5ms)


Started POST "/tweets" for 127.0.0.1 at 2018-08-19 15:33:22 -0300
Processing by TweetsController#create as HTML
  Parameters: {"utf8"=>"✓", "authenticity_token"=>"UDMaGUwYP5dfEnZb2SRNjNH73tIQlLJ6Ti+k5j9hmhZ5ZgfJoth1aN1YZfIZ9KXP9gvGyAE5+HeNm1vaHpTplQ==", "tweet"=>{"content"=>"t1"}, "commit"=>"Create Tweet"}
  [1m[35m (0.1ms)[0m  [1m[36mbegin transaction[0m
  ↳ app/controllers/tweets_controller.rb:30
  [1m[36mTweet Create (0.4ms)[0m  [1m[32mINSERT INTO "tweets" ("content", "created_at", "updated_at") VALUES (?, ?, ?)[0m  [["content", "t1"], ["created_at", "2018-08-19 18:33:22.824351"], ["updated_at", "2018-08-19 18:33:22.824351"]]
  ↳ app/controllers/tweets_controller.rb:30
  [1m[35m (1.7ms)[0m  [1m[36mcommit transaction[0m
  ↳ app/controllers/tweets_controller.rb:30
Redirected to http://localhost:3000/tweets/1
Completed 302 Found in 6ms (ActiveRecord: 2.2ms)


Started GET "/tweets/1" for 127.0.0.1 at 2018-08-19 15:33:22 -0300
Processing by TweetsController#show as HTML
  Parameters: {"id"=>"1"}
  [1m[36mTweet Load (0.2ms)[0m  [1m[34mSELECT  "tweets".* FROM "tweets" WHERE "tweets"."id" = ? LIMIT ?[0m  [["id", 1], ["LIMIT", 1]]
  ↳ app/controllers/tweets_controller.rb:67
  Rendering tweets/show.html.erb within layouts/application
  Rendered tweets/show.html.erb within layouts/application (0.6ms)
Completed 200 OK in 22ms (Views: 17.8ms | ActiveRecord: 0.2ms)


Started GET "/tweets" for 127.0.0.1 at 2018-08-19 15:33:24 -0300
Processing by TweetsController#index as HTML
  Rendering tweets/index.html.erb within layouts/application
  [1m[36mTweet Load (0.7ms)[0m  [1m[34mSELECT "tweets".* FROM "tweets"[0m
  ↳ app/views/tweets/index.html.erb:14
  Rendered tweets/index.html.erb within layouts/application (3.2ms)
Completed 200 OK in 27ms (Views: 23.8ms | ActiveRecord: 0.7ms)


Started GET "/tweets/new" for 127.0.0.1 at 2018-08-19 15:33:26 -0300
Processing by TweetsController#new as HTML
  Rendering tweets/new.html.erb within layouts/application
  Rendered tweets/_form.html.erb (1.9ms)
  Rendered tweets/new.html.erb within layouts/application (4.6ms)
Completed 200 OK in 30ms (Views: 27.2ms | ActiveRecord: 0.0ms)


Started POST "/tweets" for 127.0.0.1 at 2018-08-19 15:33:29 -0300
Processing by TweetsController#create as HTML
  Parameters: {"utf8"=>"✓", "authenticity_token"=>"gAW6hOjrb7V74fFB6Ifrpj/g85EQPPGuW70LpwSORuepUKdUBislSvmr4ugoVwPlGBDriwGRu6OYCfSbJXs1ZA==", "tweet"=>{"content"=>"t2"}, "commit"=>"Create Tweet"}
  [1m[35m (0.1ms)[0m  [1m[36mbegin transaction[0m
  ↳ app/controllers/tweets_controller.rb:30
  [1m[36mTweet Create (0.4ms)[0m  [1m[32mINSERT INTO "tweets" ("content", "created_at", "updated_at") VALUES (?, ?, ?)[0m  [["content", "t2"], ["created_at", "2018-08-19 18:33:29.693872"], ["updated_at", "2018-08-19 18:33:29.693872"]]
  ↳ app/controllers/tweets_controller.rb:30
  [1m[35m (1.7ms)[0m  [1m[36mcommit transaction[0m
  ↳ app/controllers/tweets_controller.rb:30
Redirected to http://localhost:3000/tweets/2
Completed 302 Found in 7ms (ActiveRecord: 2.2ms)


Started GET "/tweets/2" for 127.0.0.1 at 2018-08-19 15:33:29 -0300
Processing by TweetsController#show as HTML
  Parameters: {"id"=>"2"}
  [1m[36mTweet Load (0.1ms)[0m  [1m[34mSELECT  "tweets".* FROM "tweets" WHERE "tweets"."id" = ? LIMIT ?[0m  [["id", 2], ["LIMIT", 1]]
  ↳ app/controllers/tweets_controller.rb:67
  Rendering tweets/show.html.erb within layouts/application
  Rendered tweets/show.html.erb within layouts/application (0.7ms)
Completed 200 OK in 21ms (Views: 18.5ms | ActiveRecord: 0.1ms)


Started GET "/tweets" for 127.0.0.1 at 2018-08-19 15:33:31 -0300
Processing by TweetsController#index as HTML
  Rendering tweets/index.html.erb within layouts/application
  [1m[36mTweet Load (0.2ms)[0m  [1m[34mSELECT "tweets".* FROM "tweets"[0m
  ↳ app/views/tweets/index.html.erb:14
  Rendered tweets/index.html.erb within layouts/application (2.3ms)
Completed 200 OK in 30ms (Views: 27.9ms | ActiveRecord: 0.2ms)


Started GET "/tweets/1" for 127.0.0.1 at 2018-08-19 15:33:34 -0300
Processing by TweetsController#show as HTML
  Parameters: {"id"=>"1"}
  [1m[36mTweet Load (0.2ms)[0m  [1m[34mSELECT  "tweets".* FROM "tweets" WHERE "tweets"."id" = ? LIMIT ?[0m  [["id", 1], ["LIMIT", 1]]
  ↳ app/controllers/tweets_controller.rb:67
  Rendering tweets/show.html.erb within layouts/application
  Rendered tweets/show.html.erb within layouts/application (1.7ms)
Completed 200 OK in 29ms (Views: 25.2ms | ActiveRecord: 0.2ms)


Started GET "/tweets" for 127.0.0.1 at 2018-08-19 15:33:36 -0300
Processing by TweetsController#index as HTML
  Rendering tweets/index.html.erb within layouts/application
  [1m[36mTweet Load (0.3ms)[0m  [1m[34mSELECT "tweets".* FROM "tweets"[0m
  ↳ app/views/tweets/index.html.erb:14
  Rendered tweets/index.html.erb within layouts/application (3.3ms)
Completed 200 OK in 42ms (Views: 38.1ms | ActiveRecord: 0.3ms)


Started GET "/tweets" for 127.0.0.1 at 2018-08-19 16:07:45 -0300
Processing by TweetsController#index as HTML
  Rendering tweets/index.html.erb within layouts/application
  [1m[36mTweet Load (0.4ms)[0m  [1m[34mSELECT "tweets".* FROM "tweets"[0m
  ↳ app/views/tweets/index.html.erb:14
  Rendered tweets/index.html.erb within layouts/application (2.6ms)
Completed 200 OK in 22ms (Views: 19.6ms | ActiveRecord: 0.4ms)


Started GET "/tweets" for 127.0.0.1 at 2018-08-19 16:11:56 -0300
Processing by TweetsController#index as HTML
  Rendering tweets/index.html.erb within layouts/application
  [1m[36mTweet Load (0.2ms)[0m  [1m[34mSELECT "tweets".* FROM "tweets"[0m
  ↳ app/views/tweets/index.html.erb:6
  Rendered tweets/index.html.erb within layouts/application (1.6ms)
Completed 200 OK in 21ms (Views: 18.9ms | ActiveRecord: 0.2ms)


Started GET "/tweets" for 127.0.0.1 at 2018-08-19 16:14:05 -0300
Processing by TweetsController#index as HTML
  Rendering tweets/index.html.erb within layouts/application
  [1m[36mTweet Load (0.2ms)[0m  [1m[34mSELECT "tweets".* FROM "tweets"[0m
  ↳ app/views/tweets/index.html.erb:6
  Rendered tweets/index.html.erb within layouts/application (2.0ms)
Completed 200 OK in 26ms (Views: 22.4ms | ActiveRecord: 0.2ms)


Started GET "/tweets" for 127.0.0.1 at 2018-08-19 16:15:22 -0300
Processing by TweetsController#index as HTML
  Rendering tweets/index.html.erb within layouts/application
  [1m[36mTweet Load (0.2ms)[0m  [1m[34mSELECT "tweets".* FROM "tweets"[0m
  ↳ app/views/tweets/index.html.erb:6
  Rendered tweets/index.html.erb within layouts/application (1.9ms)
Completed 200 OK in 22ms (Views: 19.8ms | ActiveRecord: 0.2ms)


Started GET "/tweets" for 127.0.0.1 at 2018-08-19 16:18:46 -0300
Processing by TweetsController#index as HTML
  Rendering tweets/index.html.erb within layouts/application
  [1m[36mTweet Load (0.2ms)[0m  [1m[34mSELECT "tweets".* FROM "tweets"[0m
  ↳ app/views/tweets/index.html.erb:5
  Rendered tweets/index.html.erb within layouts/application (2.2ms)
Completed 200 OK in 25ms (Views: 21.7ms | ActiveRecord: 0.2ms)


Started GET "/tweets" for 127.0.0.1 at 2018-08-19 16:21:50 -0300
Processing by TweetsController#index as HTML
  Rendering tweets/index.html.erb within layouts/application
  [1m[36mTweet Load (0.1ms)[0m  [1m[34mSELECT "tweets".* FROM "tweets"[0m
  ↳ app/views/tweets/index.html.erb:5
  Rendered tweets/_form.html.erb (1.4ms)
  Rendered tweets/index.html.erb within layouts/application (5.0ms)
Completed 200 OK in 25ms (Views: 23.1ms | ActiveRecord: 0.1ms)


Started GET "/tweets" for 127.0.0.1 at 2018-08-19 16:22:12 -0300
Processing by TweetsController#index as HTML
  Rendering tweets/index.html.erb within layouts/application
  [1m[36mTweet Load (0.2ms)[0m  [1m[34mSELECT "tweets".* FROM "tweets"[0m
  ↳ app/views/tweets/index.html.erb:5
  Rendered tweets/_form.html.erb (1.7ms)
  Rendered tweets/index.html.erb within layouts/application (5.5ms)
Completed 200 OK in 26ms (Views: 23.7ms | ActiveRecord: 0.2ms)


Started GET "/tweets" for 127.0.0.1 at 2018-08-19 16:28:35 -0300
Processing by TweetsController#index as HTML
  Rendering tweets/index.html.erb within layouts/application
  [1m[36mTweet Load (0.2ms)[0m  [1m[34mSELECT "tweets".* FROM "tweets"[0m
  ↳ app/views/tweets/index.html.erb:5
  Rendered tweets/_form.html.erb (1.4ms)
  Rendered tweets/_form.html.erb (1.3ms)
  Rendered tweets/index.html.erb within layouts/application (7.3ms)
Completed 200 OK in 32ms (Views: 23.9ms | ActiveRecord: 1.0ms)


Started POST "/tweets" for 127.0.0.1 at 2018-08-19 16:28:39 -0300
Processing by TweetsController#create as HTML
  Parameters: {"utf8"=>"✓", "authenticity_token"=>"tRuUQo+Z8JkdIVlKnJ3vojbzeB4kkk7mGY6KVed1iPJof61gdPueu8KQDHzKhcuFNFwjSZAsCsevO3j2iF+W1Q==", "tweet"=>{"content"=>"t3"}, "commit"=>"Create Tweet"}
  [1m[35m (0.1ms)[0m  [1m[36mbegin transaction[0m
  ↳ app/controllers/tweets_controller.rb:31
  [1m[36mTweet Create (0.4ms)[0m  [1m[32mINSERT INTO "tweets" ("content", "created_at", "updated_at") VALUES (?, ?, ?)[0m  [["content", "t3"], ["created_at", "2018-08-19 19:28:39.267341"], ["updated_at", "2018-08-19 19:28:39.267341"]]
  ↳ app/controllers/tweets_controller.rb:31
  [1m[35m (1.5ms)[0m  [1m[36mcommit transaction[0m
  ↳ app/controllers/tweets_controller.rb:31
Redirected to http://localhost:3000/tweets/3
Completed 302 Found in 6ms (ActiveRecord: 2.0ms)


Started GET "/tweets/3" for 127.0.0.1 at 2018-08-19 16:28:39 -0300
Processing by TweetsController#show as HTML
  Parameters: {"id"=>"3"}
  [1m[36mTweet Load (0.3ms)[0m  [1m[34mSELECT  "tweets".* FROM "tweets" WHERE "tweets"."id" = ? LIMIT ?[0m  [["id", 3], ["LIMIT", 1]]
  ↳ app/controllers/tweets_controller.rb:68
  Rendering tweets/show.html.erb within layouts/application
  Rendered tweets/show.html.erb within layouts/application (0.6ms)
Completed 200 OK in 25ms (Views: 21.1ms | ActiveRecord: 0.3ms)


Started GET "/tweets" for 127.0.0.1 at 2018-08-19 16:28:41 -0300
Processing by TweetsController#index as HTML
  Rendering tweets/index.html.erb within layouts/application
  [1m[36mTweet Load (0.3ms)[0m  [1m[34mSELECT "tweets".* FROM "tweets"[0m
  ↳ app/views/tweets/index.html.erb:5
  Rendered tweets/_form.html.erb (1.6ms)
  Rendered tweets/_form.html.erb (0.9ms)
  Rendered tweets/index.html.erb within layouts/application (18.2ms)
Completed 200 OK in 39ms (Views: 37.0ms | ActiveRecord: 0.3ms)


Started POST "/tweets" for 127.0.0.1 at 2018-08-19 16:31:48 -0300
Processing by TweetsController#create as HTML
  Parameters: {"utf8"=>"✓", "authenticity_token"=>"M3NzDb3v2kR4ucfuh6q7sI9aYSuY1mgCqjwymu1CkRcaJm7dUy+Qu/rz1EdHelPzqKp5MYl7Ig9piM2mzLfilA==", "tweet"=>{"content"=>"t4"}, "commit"=>"Create Tweet"}
  [1m[35m (0.1ms)[0m  [1m[36mbegin transaction[0m
  ↳ app/controllers/tweets_controller.rb:31
  [1m[36mTweet Create (0.3ms)[0m  [1m[32mINSERT INTO "tweets" ("content", "created_at", "updated_at") VALUES (?, ?, ?)[0m  [["content", "t4"], ["created_at", "2018-08-19 19:31:48.893476"], ["updated_at", "2018-08-19 19:31:48.893476"]]
  ↳ app/controllers/tweets_controller.rb:31
  [1m[35m (1.5ms)[0m  [1m[36mcommit transaction[0m
  ↳ app/controllers/tweets_controller.rb:31
Redirected to http://localhost:3000/tweets
Completed 302 Found in 13ms (ActiveRecord: 3.0ms)


Started GET "/tweets" for 127.0.0.1 at 2018-08-19 16:31:48 -0300
Processing by TweetsController#index as HTML
  Rendering tweets/index.html.erb within layouts/application
  [1m[36mTweet Load (0.2ms)[0m  [1m[34mSELECT "tweets".* FROM "tweets"[0m
  ↳ app/views/tweets/index.html.erb:5
  Rendered tweets/_form.html.erb (1.4ms)
  Rendered tweets/_form.html.erb (0.7ms)
  Rendered tweets/index.html.erb within layouts/application (7.2ms)
Completed 200 OK in 27ms (Views: 25.3ms | ActiveRecord: 0.2ms)


Started GET "/tweets" for 127.0.0.1 at 2018-08-19 16:34:00 -0300
Processing by TweetsController#index as HTML
  Rendering tweets/index.html.erb within layouts/application
  [1m[36mTweet Load (0.2ms)[0m  [1m[34mSELECT "tweets".* FROM "tweets"[0m
  ↳ app/views/tweets/index.html.erb:5
  Rendered tweets/_form.html.erb (1.7ms)
  Rendered tweets/_form.html.erb (0.9ms)
  Rendered tweets/index.html.erb within layouts/application (7.7ms)
Completed 200 OK in 26ms (Views: 24.1ms | ActiveRecord: 0.2ms)


Started GET "/tweets" for 127.0.0.1 at 2018-08-19 16:34:45 -0300
Processing by TweetsController#index as HTML
  Rendering tweets/index.html.erb within layouts/application
  [1m[36mTweet Load (0.2ms)[0m  [1m[34mSELECT "tweets".* FROM "tweets"[0m
  ↳ app/views/tweets/index.html.erb:5
  Rendered tweets/_form.html.erb (1.2ms)
  Rendered tweets/_form.html.erb (0.7ms)
  Rendered tweets/index.html.erb within layouts/application (6.1ms)
Completed 200 OK in 28ms (Views: 24.8ms | ActiveRecord: 0.2ms)


Started GET "/tweets" for 127.0.0.1 at 2018-08-19 16:35:56 -0300
Processing by TweetsController#index as HTML
  Rendering tweets/index.html.erb within layouts/application
  [1m[36mTweet Load (0.2ms)[0m  [1m[34mSELECT "tweets".* FROM "tweets"[0m
  ↳ app/views/tweets/index.html.erb:6
  Rendered tweets/_form.html.erb (1.3ms)
  Rendered tweets/_form.html.erb (0.8ms)
  Rendered tweets/index.html.erb within layouts/application (6.6ms)
Completed 200 OK in 25ms (Views: 23.1ms | ActiveRecord: 0.2ms)


Started GET "/tweets" for 127.0.0.1 at 2018-08-19 16:38:55 -0300
Processing by TweetsController#index as HTML
  Rendering tweets/index.html.erb within layouts/application
  [1m[36mTweet Load (0.2ms)[0m  [1m[34mSELECT "tweets".* FROM "tweets"[0m
  ↳ app/views/tweets/index.html.erb:6
  Rendered tweets/_form.html.erb (1.2ms)
  Rendered tweets/_form.html.erb (0.7ms)
  Rendered tweets/index.html.erb within layouts/application (6.6ms)
Completed 200 OK in 67ms (Views: 64.6ms | ActiveRecord: 0.2ms)


Started GET "/tweets" for 127.0.0.1 at 2018-08-19 16:38:57 -0300
Processing by TweetsController#index as HTML
  Rendering tweets/index.html.erb within layouts/application
  [1m[36mTweet Load (0.4ms)[0m  [1m[34mSELECT "tweets".* FROM "tweets"[0m
  ↳ app/views/tweets/index.html.erb:6
  Rendered tweets/_form.html.erb (1.2ms)
  Rendered tweets/_form.html.erb (0.6ms)
  Rendered tweets/index.html.erb within layouts/application (7.3ms)
Completed 200 OK in 32ms (Views: 28.4ms | ActiveRecord: 0.4ms)


Started GET "/tweets" for 127.0.0.1 at 2018-08-19 16:39:06 -0300
Processing by TweetsController#index as HTML
  Rendering tweets/index.html.erb within layouts/application
  [1m[36mTweet Load (0.2ms)[0m  [1m[34mSELECT "tweets".* FROM "tweets"[0m
  ↳ app/views/tweets/index.html.erb:6
  Rendered tweets/_form.html.erb (1.9ms)
  Rendered tweets/_form.html.erb (0.9ms)
  Rendered tweets/index.html.erb within layouts/application (8.8ms)
Completed 200 OK in 40ms (Views: 36.9ms | ActiveRecord: 0.2ms)


Started GET "/tweets" for 127.0.0.1 at 2018-08-19 16:39:45 -0300
Processing by TweetsController#index as HTML
  Rendering tweets/index.html.erb within layouts/application
  [1m[36mTweet Load (0.3ms)[0m  [1m[34mSELECT "tweets".* FROM "tweets"[0m
  ↳ app/views/tweets/index.html.erb:6
  Rendered tweets/_form.html.erb (1.2ms)
  Rendered tweets/_form.html.erb (0.6ms)
  Rendered tweets/index.html.erb within layouts/application (6.3ms)
Completed 200 OK in 54ms (Views: 51.5ms | ActiveRecord: 0.3ms)


Started GET "/tweets" for 127.0.0.1 at 2018-08-19 16:40:29 -0300
Processing by TweetsController#index as HTML
  Rendering tweets/index.html.erb within layouts/application
  [1m[36mTweet Load (0.2ms)[0m  [1m[34mSELECT "tweets".* FROM "tweets"[0m
  ↳ app/views/tweets/index.html.erb:7
  Rendered tweets/_form.html.erb (1.6ms)
  Rendered tweets/_form.html.erb (1.5ms)
  Rendered tweets/index.html.erb within layouts/application (8.2ms)
Completed 200 OK in 29ms (Views: 26.3ms | ActiveRecord: 0.2ms)


Started GET "/tweets" for 127.0.0.1 at 2018-08-19 16:51:21 -0300
Processing by TweetsController#index as HTML
  Rendering tweets/index.html.erb within layouts/application
  [1m[36mTweet Load (0.2ms)[0m  [1m[34mSELECT "tweets".* FROM "tweets"[0m
  ↳ app/views/tweets/index.html.erb:7
  Rendered tweets/_form.html.erb (1.2ms)
  Rendered tweets/_form.html.erb (0.9ms)
  Rendered tweets/index.html.erb within layouts/application (7.6ms)
Completed 200 OK in 29ms (Views: 24.6ms | ActiveRecord: 0.2ms)


Started GET "/tweets" for 127.0.0.1 at 2018-08-19 16:51:40 -0300
Processing by TweetsController#index as HTML
  Rendering tweets/index.html.erb within layouts/application
  [1m[36mTweet Load (0.4ms)[0m  [1m[34mSELECT "tweets".* FROM "tweets"[0m
  ↳ app/views/tweets/index.html.erb:7
  Rendered tweets/_form.html.erb (1.2ms)
  Rendered tweets/_form.html.erb (0.6ms)
  Rendered tweets/index.html.erb within layouts/application (7.2ms)
Completed 200 OK in 27ms (Views: 24.9ms | ActiveRecord: 0.4ms)


Started GET "/tweets?query=hola" for 127.0.0.1 at 2018-08-19 16:51:43 -0300
Processing by TweetsController#index as HTML
  Parameters: {"query"=>"hola"}
  Rendering tweets/index.html.erb within layouts/application
  [1m[36mTweet Load (0.2ms)[0m  [1m[34mSELECT "tweets".* FROM "tweets"[0m
  ↳ app/views/tweets/index.html.erb:7
  Rendered tweets/_form.html.erb (1.2ms)
  Rendered tweets/_form.html.erb (0.6ms)
  Rendered tweets/index.html.erb within layouts/application (6.2ms)
Completed 200 OK in 29ms (Views: 27.0ms | ActiveRecord: 0.2ms)


Started GET "/tweets?query=ohts" for 127.0.0.1 at 2018-08-19 16:51:47 -0300
Processing by TweetsController#index as HTML
  Parameters: {"query"=>"ohts"}
  Rendering tweets/index.html.erb within layouts/application
  [1m[36mTweet Load (0.2ms)[0m  [1m[34mSELECT "tweets".* FROM "tweets"[0m
  ↳ app/views/tweets/index.html.erb:7
  Rendered tweets/_form.html.erb (1.4ms)
  Rendered tweets/_form.html.erb (0.7ms)
  Rendered tweets/index.html.erb within layouts/application (6.5ms)
Completed 200 OK in 29ms (Views: 26.2ms | ActiveRecord: 0.2ms)


Started GET "/tweets?query=t1" for 127.0.0.1 at 2018-08-19 16:55:10 -0300
Processing by TweetsController#index as HTML
  Parameters: {"query"=>"t1"}
  Rendering tweets/index.html.erb within layouts/application
  [1m[36mTweet Load (0.2ms)[0m  [1m[34mSELECT "tweets".* FROM "tweets" WHERE "tweets"."content" = ?[0m  [["content", "t1"]]
  ↳ app/views/tweets/index.html.erb:7
  Rendered tweets/_form.html.erb (2.3ms)
  Rendered tweets/_form.html.erb (0.8ms)
  Rendered tweets/index.html.erb within layouts/application (8.2ms)
Completed 200 OK in 45ms (Views: 36.2ms | ActiveRecord: 1.0ms)


Started GET "/tweets?query=" for 127.0.0.1 at 2018-08-19 16:57:02 -0300
Processing by TweetsController#index as HTML
  Parameters: {"query"=>""}
  Rendering tweets/index.html.erb within layouts/application
  [1m[36mTweet Load (0.2ms)[0m  [1m[34mSELECT "tweets".* FROM "tweets"[0m
  ↳ app/views/tweets/index.html.erb:7
  Rendered tweets/_form.html.erb (1.4ms)
  Rendered tweets/_form.html.erb (0.7ms)
  Rendered tweets/index.html.erb within layouts/application (7.1ms)
Completed 200 OK in 35ms (Views: 25.4ms | ActiveRecord: 1.4ms)


Started GET "/tweets?query=t1" for 127.0.0.1 at 2018-08-19 16:57:07 -0300
Processing by TweetsController#index as HTML
  Parameters: {"query"=>"t1"}
  Rendering tweets/index.html.erb within layouts/application
  [1m[36mTweet Load (0.2ms)[0m  [1m[34mSELECT "tweets".* FROM "tweets" WHERE "tweets"."content" = ?[0m  [["content", "t1"]]
  ↳ app/views/tweets/index.html.erb:7
  Rendered tweets/_form.html.erb (1.4ms)
  Rendered tweets/_form.html.erb (0.8ms)
  Rendered tweets/index.html.erb within layouts/application (6.1ms)
Completed 200 OK in 27ms (Views: 24.7ms | ActiveRecord: 0.2ms)


Started GET "/tweets?query=" for 127.0.0.1 at 2018-08-19 16:57:09 -0300
Processing by TweetsController#index as HTML
  Parameters: {"query"=>""}
  Rendering tweets/index.html.erb within layouts/application
  [1m[36mTweet Load (0.2ms)[0m  [1m[34mSELECT "tweets".* FROM "tweets"[0m
  ↳ app/views/tweets/index.html.erb:7
  Rendered tweets/_form.html.erb (1.9ms)
  Rendered tweets/_form.html.erb (0.9ms)
  Rendered tweets/index.html.erb within layouts/application (8.0ms)
Completed 200 OK in 30ms (Views: 27.8ms | ActiveRecord: 0.2ms)


Started GET "/tweets?query=" for 127.0.0.1 at 2018-08-19 16:57:10 -0300
Processing by TweetsController#index as HTML
  Parameters: {"query"=>""}
  Rendering tweets/index.html.erb within layouts/application
  [1m[36mTweet Load (0.2ms)[0m  [1m[34mSELECT "tweets".* FROM "tweets"[0m
  ↳ app/views/tweets/index.html.erb:7
  Rendered tweets/_form.html.erb (1.2ms)
  Rendered tweets/_form.html.erb (0.9ms)
  Rendered tweets/index.html.erb within layouts/application (6.5ms)
Completed 200 OK in 31ms (Views: 29.1ms | ActiveRecord: 0.2ms)


Started GET "/tweets?query=hu" for 127.0.0.1 at 2018-08-19 16:57:14 -0300
Processing by TweetsController#index as HTML
  Parameters: {"query"=>"hu"}
  Rendering tweets/index.html.erb within layouts/application
  [1m[36mTweet Load (0.2ms)[0m  [1m[34mSELECT "tweets".* FROM "tweets" WHERE "tweets"."content" = ?[0m  [["content", "hu"]]
  ↳ app/views/tweets/index.html.erb:7
  Rendered tweets/_form.html.erb (1.3ms)
  Rendered tweets/_form.html.erb (0.6ms)
  Rendered tweets/index.html.erb within layouts/application (5.6ms)
Completed 200 OK in 29ms (Views: 25.3ms | ActiveRecord: 0.2ms)


Started GET "/tweets?query=hu" for 127.0.0.1 at 2018-08-19 16:59:58 -0300
Processing by TweetsController#index as HTML
  Parameters: {"query"=>"hu"}
  Rendering tweets/index.html.erb within layouts/application
  [1m[36mTweet Load (0.2ms)[0m  [1m[34mSELECT "tweets".* FROM "tweets" WHERE "tweets"."content" = ?[0m  [["content", "hu"]]
  ↳ app/views/tweets/index.html.erb:7
  Rendered tweets/_form.html.erb (1.3ms)
  Rendered tweets/_form.html.erb (0.9ms)
  Rendered tweets/index.html.erb within layouts/application (6.2ms)
Completed 200 OK in 34ms (Views: 31.6ms | ActiveRecord: 0.2ms)


Started GET "/tweets?query=hu" for 127.0.0.1 at 2018-08-19 17:00:23 -0300
Processing by TweetsController#index as HTML
  Parameters: {"query"=>"hu"}
  Rendering tweets/index.html.erb within layouts/application
  [1m[36mTweet Load (0.2ms)[0m  [1m[34mSELECT "tweets".* FROM "tweets" WHERE "tweets"."content" = ?[0m  [["content", "hu"]]
  ↳ app/views/tweets/index.html.erb:7
  Rendered tweets/_form.html.erb (1.2ms)
  Rendered tweets/_form.html.erb (0.8ms)
  Rendered tweets/index.html.erb within layouts/application (6.0ms)
Completed 200 OK in 31ms (Views: 27.7ms | ActiveRecord: 0.2ms)


Started GET "/tweets?query=hu" for 127.0.0.1 at 2018-08-19 17:00:25 -0300
Processing by TweetsController#index as HTML
  Parameters: {"query"=>"hu"}
  Rendering tweets/index.html.erb within layouts/application
  [1m[36mTweet Load (0.2ms)[0m  [1m[34mSELECT "tweets".* FROM "tweets" WHERE "tweets"."content" = ?[0m  [["content", "hu"]]
  ↳ app/views/tweets/index.html.erb:7
  Rendered tweets/_form.html.erb (1.8ms)
  Rendered tweets/_form.html.erb (6.1ms)
  Rendered tweets/index.html.erb within layouts/application (12.1ms)
Completed 200 OK in 37ms (Views: 34.0ms | ActiveRecord: 0.2ms)


Started GET "/tweets?query=" for 127.0.0.1 at 2018-08-19 17:00:40 -0300
Processing by TweetsController#index as HTML
  Parameters: {"query"=>""}
  Rendering tweets/index.html.erb within layouts/application
  [1m[36mTweet Load (0.2ms)[0m  [1m[34mSELECT "tweets".* FROM "tweets"[0m
  ↳ app/views/tweets/index.html.erb:7
  Rendered tweets/_form.html.erb (1.2ms)
  Rendered tweets/_form.html.erb (1.2ms)
  Rendered tweets/index.html.erb within layouts/application (7.8ms)
Completed 200 OK in 32ms (Views: 29.2ms | ActiveRecord: 0.2ms)


Started GET "/tweets?query=" for 127.0.0.1 at 2018-08-19 17:01:19 -0300
Processing by TweetsController#index as HTML
  Parameters: {"query"=>""}
  Rendering tweets/index.html.erb within layouts/application
  [1m[36mTweet Load (0.5ms)[0m  [1m[34mSELECT "tweets".* FROM "tweets"[0m
  ↳ app/views/tweets/index.html.erb:7
  Rendered tweets/_form.html.erb (1.4ms)
  Rendered tweets/_form.html.erb (0.7ms)
  Rendered tweets/index.html.erb within layouts/application (7.3ms)
Completed 200 OK in 29ms (Views: 26.3ms | ActiveRecord: 0.5ms)


Started GET "/" for 127.0.0.1 at 2018-08-19 17:01:47 -0300
Processing by PagesController#index as HTML
  Rendering pages/index.html.erb within layouts/application
  Rendered pages/index.html.erb within layouts/application (0.6ms)
Completed 200 OK in 21ms (Views: 18.9ms | ActiveRecord: 0.0ms)


Started GET "/tweets" for 127.0.0.1 at 2018-08-19 17:03:00 -0300
Processing by TweetsController#index as HTML
  Rendering tweets/index.html.erb within layouts/application
  [1m[36mTweet Load (0.3ms)[0m  [1m[34mSELECT "tweets".* FROM "tweets"[0m
  ↳ app/views/tweets/index.html.erb:7
  Rendered tweets/_form.html.erb (1.8ms)
  Rendered tweets/_form.html.erb (1.0ms)
  Rendered tweets/index.html.erb within layouts/application (11.9ms)
Completed 200 OK in 36ms (Views: 34.0ms | ActiveRecord: 0.3ms)


Started GET "/tweets" for 127.0.0.1 at 2018-08-19 17:05:24 -0300
Processing by TweetsController#index as HTML
  Rendering tweets/index.html.erb within layouts/application
  [1m[36mTweet Load (0.3ms)[0m  [1m[34mSELECT "tweets".* FROM "tweets"[0m
  ↳ app/views/tweets/index.html.erb:7
  Rendered tweets/_form.html.erb (1.6ms)
  Rendered tweets/_form.html.erb (0.7ms)
  Rendered tweets/index.html.erb within layouts/application (7.6ms)
Completed 200 OK in 29ms (Views: 26.7ms | ActiveRecord: 0.3ms)


Started GET "/tweets" for 127.0.0.1 at 2018-08-19 17:09:10 -0300
Processing by TweetsController#index as HTML
  Rendering tweets/index.html.erb within layouts/application
  [1m[36mTweet Load (0.2ms)[0m  [1m[34mSELECT "tweets".* FROM "tweets"[0m
  ↳ app/views/tweets/index.html.erb:7
  Rendered tweets/_form.html.erb (1.4ms)
  Rendered tweets/_form.html.erb (0.8ms)
  Rendered tweets/index.html.erb within layouts/application (8.8ms)
Completed 200 OK in 31ms (Views: 29.1ms | ActiveRecord: 0.2ms)


Started GET "/tweets?query=" for 127.0.0.1 at 2018-08-19 17:09:13 -0300
Processing by TweetsController#index as HTML
  Parameters: {"query"=>""}
  Rendering tweets/index.html.erb within layouts/application
  [1m[36mTweet Load (0.2ms)[0m  [1m[34mSELECT "tweets".* FROM "tweets"[0m
  ↳ app/views/tweets/index.html.erb:7
  Rendered tweets/_form.html.erb (1.2ms)
  Rendered tweets/_form.html.erb (0.7ms)
  Rendered tweets/index.html.erb within layouts/application (6.5ms)
Completed 200 OK in 39ms (Views: 36.6ms | ActiveRecord: 0.2ms)


Started GET "/tweets?query=hola" for 127.0.0.1 at 2018-08-19 17:09:17 -0300
Processing by TweetsController#index as HTML
  Parameters: {"query"=>"hola"}
  Rendering tweets/index.html.erb within layouts/application
  [1m[36mTweet Load (0.3ms)[0m  [1m[34mSELECT "tweets".* FROM "tweets" WHERE "tweets"."content" = ?[0m  [["content", "hola"]]
  ↳ app/views/tweets/index.html.erb:7
  Rendered tweets/_form.html.erb (2.0ms)
  Rendered tweets/_form.html.erb (0.8ms)
  Rendered tweets/index.html.erb within layouts/application (9.1ms)
Completed 200 OK in 32ms (Views: 29.1ms | ActiveRecord: 0.3ms)


Started GET "/tweets?query=t1" for 127.0.0.1 at 2018-08-19 17:09:22 -0300
Processing by TweetsController#index as HTML
  Parameters: {"query"=>"t1"}
  Rendering tweets/index.html.erb within layouts/application
  [1m[36mTweet Load (0.2ms)[0m  [1m[34mSELECT "tweets".* FROM "tweets" WHERE "tweets"."content" = ?[0m  [["content", "t1"]]
  ↳ app/views/tweets/index.html.erb:7
  Rendered tweets/_form.html.erb (1.2ms)
  Rendered tweets/_form.html.erb (0.7ms)
  Rendered tweets/index.html.erb within layouts/application (6.0ms)
Completed 200 OK in 32ms (Views: 29.2ms | ActiveRecord: 0.2ms)


Started GET "/tweets?query=hola" for 127.0.0.1 at 2018-08-19 17:09:27 -0300
Processing by TweetsController#index as HTML
  Parameters: {"query"=>"hola"}
  Rendering tweets/index.html.erb within layouts/application
  [1m[36mTweet Load (0.3ms)[0m  [1m[34mSELECT "tweets".* FROM "tweets" WHERE "tweets"."content" = ?[0m  [["content", "hola"]]
  ↳ app/views/tweets/index.html.erb:7
  Rendered tweets/_form.html.erb (2.0ms)
  Rendered tweets/_form.html.erb (0.6ms)
  Rendered tweets/index.html.erb within layouts/application (8.6ms)
Completed 200 OK in 32ms (Views: 28.6ms | ActiveRecord: 0.3ms)


Started GET "/tweets?query=t1" for 127.0.0.1 at 2018-08-19 17:09:30 -0300
Processing by TweetsController#index as HTML
  Parameters: {"query"=>"t1"}
  Rendering tweets/index.html.erb within layouts/application
  [1m[36mTweet Load (0.2ms)[0m  [1m[34mSELECT "tweets".* FROM "tweets" WHERE "tweets"."content" = ?[0m  [["content", "t1"]]
  ↳ app/views/tweets/index.html.erb:7
  Rendered tweets/_form.html.erb (1.2ms)
  Rendered tweets/_form.html.erb (0.7ms)
  Rendered tweets/index.html.erb within layouts/application (5.9ms)
Completed 200 OK in 28ms (Views: 24.9ms | ActiveRecord: 0.2ms)


Started GET "/tweets?query=t1" for 127.0.0.1 at 2018-08-19 17:10:34 -0300
Processing by TweetsController#index as HTML
  Parameters: {"query"=>"t1"}
  Rendering tweets/index.html.erb within layouts/application
  [1m[36mTweet Load (0.2ms)[0m  [1m[34mSELECT "tweets".* FROM "tweets" WHERE "tweets"."content" = ?[0m  [["content", "t1"]]
  ↳ app/views/tweets/index.html.erb:7
  Rendered tweets/_form.html.erb (1.4ms)
  Rendered tweets/_form.html.erb (0.9ms)
  Rendered tweets/index.html.erb within layouts/application (7.7ms)
Completed 200 OK in 30ms (Views: 27.4ms | ActiveRecord: 0.2ms)


Started GET "/tweets?query=t1" for 127.0.0.1 at 2018-08-19 17:11:12 -0300
Processing by TweetsController#index as HTML
  Parameters: {"query"=>"t1"}
  Rendering tweets/index.html.erb within layouts/application
  [1m[36mTweet Load (0.2ms)[0m  [1m[34mSELECT "tweets".* FROM "tweets" WHERE "tweets"."content" = ?[0m  [["content", "t1"]]
  ↳ app/views/tweets/index.html.erb:7
  Rendered tweets/_form.html.erb (1.7ms)
  Rendered tweets/_form.html.erb (0.7ms)
  Rendered tweets/index.html.erb within layouts/application (7.4ms)
Completed 200 OK in 31ms (Views: 28.7ms | ActiveRecord: 0.2ms)


Started GET "/tweets?query=t1" for 127.0.0.1 at 2018-08-19 17:11:55 -0300
Processing by TweetsController#index as HTML
  Parameters: {"query"=>"t1"}
  Rendering tweets/index.html.erb within layouts/application
  [1m[36mTweet Load (0.2ms)[0m  [1m[34mSELECT "tweets".* FROM "tweets" WHERE "tweets"."content" = ?[0m  [["content", "t1"]]
  ↳ app/views/tweets/index.html.erb:7
  Rendered tweets/_form.html.erb (1.5ms)
  Rendered tweets/_form.html.erb (0.7ms)
  Rendered tweets/index.html.erb within layouts/application (6.9ms)
Completed 200 OK in 28ms (Views: 25.2ms | ActiveRecord: 0.2ms)


Started GET "/tweets?query=t1" for 127.0.0.1 at 2018-08-19 17:13:16 -0300
Processing by TweetsController#index as HTML
  Parameters: {"query"=>"t1"}
  Rendering tweets/index.html.erb within layouts/application
  [1m[36mTweet Load (0.3ms)[0m  [1m[34mSELECT "tweets".* FROM "tweets" WHERE "tweets"."content" = ?[0m  [["content", "t1"]]
  ↳ app/views/tweets/index.html.erb:7
  Rendered tweets/_form.html.erb (1.4ms)
  Rendered tweets/_form.html.erb (1.1ms)
  Rendered tweets/index.html.erb within layouts/application (7.4ms)
Completed 200 OK in 101ms (Views: 98.0ms | ActiveRecord: 0.3ms)


Started GET "/tweets?query=t1" for 127.0.0.1 at 2018-08-19 17:14:04 -0300
Processing by TweetsController#index as HTML
  Parameters: {"query"=>"t1"}
  Rendering tweets/index.html.erb within layouts/application
  [1m[36mTweet Load (0.3ms)[0m  [1m[34mSELECT "tweets".* FROM "tweets" WHERE "tweets"."content" = ?[0m  [["content", "t1"]]
  ↳ app/views/tweets/index.html.erb:7
  Rendered tweets/_form.html.erb (1.2ms)
  Rendered tweets/_form.html.erb (1.0ms)
  Rendered tweets/index.html.erb within layouts/application (6.8ms)
Completed 200 OK in 64ms (Views: 62.5ms | ActiveRecord: 0.3ms)


Started GET "/tweets?query=t1" for 127.0.0.1 at 2018-08-19 17:14:38 -0300
Processing by TweetsController#index as HTML
  Parameters: {"query"=>"t1"}
  Rendering tweets/index.html.erb within layouts/application
  [1m[36mTweet Load (0.2ms)[0m  [1m[34mSELECT "tweets".* FROM "tweets" WHERE "tweets"."content" = ?[0m  [["content", "t1"]]
  ↳ app/views/tweets/index.html.erb:7
  Rendered tweets/_form.html.erb (1.7ms)
  Rendered tweets/_form.html.erb (0.8ms)
  Rendered tweets/index.html.erb within layouts/application (8.8ms)
Completed 200 OK in 74ms (Views: 69.3ms | ActiveRecord: 0.2ms)


Started GET "/tweets?query=t1" for 127.0.0.1 at 2018-08-19 17:14:59 -0300
Processing by TweetsController#index as HTML
  Parameters: {"query"=>"t1"}
  Rendering tweets/index.html.erb within layouts/application
  [1m[36mTweet Load (0.2ms)[0m  [1m[34mSELECT "tweets".* FROM "tweets" WHERE "tweets"."content" = ?[0m  [["content", "t1"]]
  ↳ app/views/tweets/index.html.erb:7
  Rendered tweets/_form.html.erb (1.5ms)
  Rendered tweets/_form.html.erb (1.0ms)
  Rendered tweets/index.html.erb within layouts/application (6.8ms)
Completed 200 OK in 27ms (Views: 24.3ms | ActiveRecord: 0.2ms)


Started GET "/tweets?query=t1" for 127.0.0.1 at 2018-08-19 17:15:23 -0300
Processing by TweetsController#index as HTML
  Parameters: {"query"=>"t1"}
  Rendering tweets/index.html.erb within layouts/application
  [1m[36mTweet Load (0.2ms)[0m  [1m[34mSELECT "tweets".* FROM "tweets" WHERE "tweets"."content" = ?[0m  [["content", "t1"]]
  ↳ app/views/tweets/index.html.erb:7
  Rendered tweets/_form.html.erb (2.5ms)
  Rendered tweets/_form.html.erb (0.9ms)
  Rendered tweets/index.html.erb within layouts/application (10.4ms)
Completed 200 OK in 72ms (Views: 69.5ms | ActiveRecord: 0.2ms)


Started GET "/tweets?query=" for 127.0.0.1 at 2018-08-19 17:15:38 -0300
Processing by TweetsController#index as HTML
  Parameters: {"query"=>""}
  Rendering tweets/index.html.erb within layouts/application
  [1m[36mTweet Load (0.2ms)[0m  [1m[34mSELECT "tweets".* FROM "tweets"[0m
  ↳ app/views/tweets/index.html.erb:7
  Rendered tweets/_form.html.erb (1.2ms)
  Rendered tweets/_form.html.erb (0.7ms)
  Rendered tweets/index.html.erb within layouts/application (6.6ms)
Completed 200 OK in 39ms (Views: 36.5ms | ActiveRecord: 0.2ms)


Started GET "/tweets?query=t2" for 127.0.0.1 at 2018-08-19 17:15:42 -0300
Processing by TweetsController#index as HTML
  Parameters: {"query"=>"t2"}
  Rendering tweets/index.html.erb within layouts/application
  [1m[36mTweet Load (0.2ms)[0m  [1m[34mSELECT "tweets".* FROM "tweets" WHERE "tweets"."content" = ?[0m  [["content", "t2"]]
  ↳ app/views/tweets/index.html.erb:7
  Rendered tweets/_form.html.erb (2.3ms)
  Rendered tweets/_form.html.erb (0.9ms)
  Rendered tweets/index.html.erb within layouts/application (13.3ms)
Completed 200 OK in 40ms (Views: 37.2ms | ActiveRecord: 0.2ms)


Started GET "/tweets?query=" for 127.0.0.1 at 2018-08-19 17:17:56 -0300
Processing by TweetsController#index as HTML
  Parameters: {"query"=>""}
  Rendering tweets/index.html.erb within layouts/application
  Rendered tweets/index.html.erb within layouts/application (2.2ms)
Completed 500 Internal Server Error in 10ms (ActiveRecord: 0.0ms)


  
SyntaxError (/Users/lsanchez/semanas/s11/twitter/app/views/tweets/index.html.erb:5: syntax error, unexpected ')', expecting keyword_then or ';' or '\n'
fer.append=( if @tweets.any? );@output_buffer.safe_append='
                              ^
/Users/lsanchez/semanas/s11/twitter/app/views/tweets/index.html.erb:16: syntax error, unexpected keyword_else
e;@output_buffer.append=( else );@output_buffer.safe_append=
                              ^
/Users/lsanchez/semanas/s11/twitter/app/views/tweets/index.html.erb:26: syntax error, unexpected keyword_ensure, expecting ')'
          ensure
                ^
/Users/lsanchez/semanas/s11/twitter/app/views/tweets/index.html.erb:28: syntax error, unexpected keyword_end, expecting ')'
          end
             ^):
  
app/views/tweets/index.html.erb:5: syntax error, unexpected ')', expecting keyword_then or ';' or '\n'
app/views/tweets/index.html.erb:16: syntax error, unexpected keyword_else
app/views/tweets/index.html.erb:26: syntax error, unexpected keyword_ensure, expecting ')'
app/views/tweets/index.html.erb:28: syntax error, unexpected keyword_end, expecting ')'
Started GET "/tweets?query=" for 127.0.0.1 at 2018-08-19 17:18:12 -0300
Processing by TweetsController#index as HTML
  Parameters: {"query"=>""}
  Rendering tweets/index.html.erb within layouts/application
  Rendered tweets/index.html.erb within layouts/application (1.3ms)
Completed 500 Internal Server Error in 7ms (ActiveRecord: 0.0ms)


  
SyntaxError (/Users/lsanchez/semanas/s11/twitter/app/views/tweets/index.html.erb:26: syntax error, unexpected keyword_ensure, expecting keyword_end
          ensure
                ^
/Users/lsanchez/semanas/s11/twitter/app/views/tweets/index.html.erb:28: syntax error, unexpected end-of-input, expecting keyword_end):
  
app/views/tweets/index.html.erb:26: syntax error, unexpected keyword_ensure, expecting keyword_end
app/views/tweets/index.html.erb:28: syntax error, unexpected end-of-input, expecting keyword_end
Started GET "/tweets?query=" for 127.0.0.1 at 2018-08-19 17:18:25 -0300
Processing by TweetsController#index as HTML
  Parameters: {"query"=>""}
  Rendering tweets/index.html.erb within layouts/application
  Rendered tweets/index.html.erb within layouts/application (1.1ms)
Completed 500 Internal Server Error in 9ms (ActiveRecord: 0.0ms)


  
SyntaxError (/Users/lsanchez/semanas/s11/twitter/app/views/tweets/index.html.erb:26: syntax error, unexpected keyword_ensure, expecting keyword_end
          ensure
                ^
/Users/lsanchez/semanas/s11/twitter/app/views/tweets/index.html.erb:28: syntax error, unexpected end-of-input, expecting keyword_end):
  
app/views/tweets/index.html.erb:26: syntax error, unexpected keyword_ensure, expecting keyword_end
app/views/tweets/index.html.erb:28: syntax error, unexpected end-of-input, expecting keyword_end
Started GET "/tweets?query=" for 127.0.0.1 at 2018-08-19 17:18:45 -0300
Processing by TweetsController#index as HTML
  Parameters: {"query"=>""}
  Rendering tweets/index.html.erb within layouts/application
  [1m[36mTweet Exists (0.2ms)[0m  [1m[34mSELECT  1 AS one FROM "tweets" LIMIT ?[0m  [["LIMIT", 1]]
  ↳ app/views/tweets/index.html.erb:5
  [1m[36mTweet Load (0.2ms)[0m  [1m[34mSELECT "tweets".* FROM "tweets"[0m
  ↳ app/views/tweets/index.html.erb:7
  Rendered tweets/_form.html.erb (1.8ms)
  Rendered tweets/_form.html.erb (0.9ms)
  Rendered tweets/index.html.erb within layouts/application (9.8ms)
Completed 200 OK in 34ms (Views: 30.6ms | ActiveRecord: 0.3ms)


Started GET "/tweets?query=" for 127.0.0.1 at 2018-08-19 17:18:47 -0300
Processing by TweetsController#index as HTML
  Parameters: {"query"=>""}
  Rendering tweets/index.html.erb within layouts/application
  [1m[36mTweet Exists (0.3ms)[0m  [1m[34mSELECT  1 AS one FROM "tweets" LIMIT ?[0m  [["LIMIT", 1]]
  ↳ app/views/tweets/index.html.erb:5
  [1m[36mTweet Load (0.4ms)[0m  [1m[34mSELECT "tweets".* FROM "tweets"[0m
  ↳ app/views/tweets/index.html.erb:7
  Rendered tweets/_form.html.erb (1.2ms)
  Rendered tweets/_form.html.erb (0.6ms)
  Rendered tweets/index.html.erb within layouts/application (9.5ms)
Completed 200 OK in 33ms (Views: 30.1ms | ActiveRecord: 0.7ms)


Started GET "/tweets?query=t1" for 127.0.0.1 at 2018-08-19 17:19:07 -0300
Processing by TweetsController#index as HTML
  Parameters: {"query"=>"t1"}
  Rendering tweets/index.html.erb within layouts/application
  [1m[36mTweet Exists (0.2ms)[0m  [1m[34mSELECT  1 AS one FROM "tweets" WHERE "tweets"."content" = ? LIMIT ?[0m  [["content", "t1"], ["LIMIT", 1]]
  ↳ app/views/tweets/index.html.erb:5
  [1m[36mTweet Load (0.2ms)[0m  [1m[34mSELECT "tweets".* FROM "tweets" WHERE "tweets"."content" = ?[0m  [["content", "t1"]]
  ↳ app/views/tweets/index.html.erb:7
  Rendered tweets/_form.html.erb (2.3ms)
  Rendered tweets/_form.html.erb (1.1ms)
  Rendered tweets/index.html.erb within layouts/application (9.9ms)
Completed 200 OK in 33ms (Views: 29.9ms | ActiveRecord: 0.4ms)


Started GET "/tweets?query=hola" for 127.0.0.1 at 2018-08-19 17:19:10 -0300
Processing by TweetsController#index as HTML
  Parameters: {"query"=>"hola"}
  Rendering tweets/index.html.erb within layouts/application
  [1m[36mTweet Exists (0.2ms)[0m  [1m[34mSELECT  1 AS one FROM "tweets" WHERE "tweets"."content" = ? LIMIT ?[0m  [["content", "hola"], ["LIMIT", 1]]
  ↳ app/views/tweets/index.html.erb:5
  Rendered tweets/_form.html.erb (1.2ms)
  Rendered tweets/_form.html.erb (0.6ms)
  Rendered tweets/index.html.erb within layouts/application (6.2ms)
Completed 200 OK in 31ms (Views: 28.4ms | ActiveRecord: 0.2ms)


Started GET "/tweets?query=hola" for 127.0.0.1 at 2018-08-19 17:19:41 -0300
Processing by TweetsController#index as HTML
  Parameters: {"query"=>"hola"}
  Rendering tweets/index.html.erb within layouts/application
  [1m[36mTweet Exists (0.2ms)[0m  [1m[34mSELECT  1 AS one FROM "tweets" WHERE "tweets"."content" = ? LIMIT ?[0m  [["content", "hola"], ["LIMIT", 1]]
  ↳ app/views/tweets/index.html.erb:5
  Rendered tweets/_form.html.erb (2.2ms)
  Rendered tweets/_form.html.erb (1.0ms)
  Rendered tweets/index.html.erb within layouts/application (7.4ms)
Completed 200 OK in 28ms (Views: 24.9ms | ActiveRecord: 0.2ms)


Started GET "/tweets?query=hola" for 127.0.0.1 at 2018-08-19 17:19:44 -0300
Processing by TweetsController#index as HTML
  Parameters: {"query"=>"hola"}
  Rendering tweets/index.html.erb within layouts/application
  [1m[36mTweet Exists (0.3ms)[0m  [1m[34mSELECT  1 AS one FROM "tweets" WHERE "tweets"."content" = ? LIMIT ?[0m  [["content", "hola"], ["LIMIT", 1]]
  ↳ app/views/tweets/index.html.erb:5
  Rendered tweets/_form.html.erb (2.1ms)
  Rendered tweets/_form.html.erb (0.7ms)
  Rendered tweets/index.html.erb within layouts/application (8.5ms)
Completed 200 OK in 30ms (Views: 27.7ms | ActiveRecord: 0.3ms)


Started GET "/tweets?query=hola" for 127.0.0.1 at 2018-08-19 17:20:55 -0300
Processing by TweetsController#index as HTML
  Parameters: {"query"=>"hola"}
  Rendering tweets/index.html.erb within layouts/application
  [1m[36mTweet Exists (0.2ms)[0m  [1m[34mSELECT  1 AS one FROM "tweets" WHERE "tweets"."content" = ? LIMIT ?[0m  [["content", "hola"], ["LIMIT", 1]]
  ↳ app/views/tweets/index.html.erb:7
  Rendered tweets/_form.html.erb (1.3ms)
  Rendered tweets/_form.html.erb (0.7ms)
  Rendered tweets/index.html.erb within layouts/application (6.3ms)
Completed 200 OK in 34ms (Views: 30.8ms | ActiveRecord: 0.2ms)


Started GET "/tweets?query=hola" for 127.0.0.1 at 2018-08-19 17:21:50 -0300
Processing by TweetsController#index as HTML
  Parameters: {"query"=>"hola"}
  Rendering tweets/index.html.erb within layouts/application
  [1m[36mTweet Exists (0.2ms)[0m  [1m[34mSELECT  1 AS one FROM "tweets" WHERE "tweets"."content" = ? LIMIT ?[0m  [["content", "hola"], ["LIMIT", 1]]
  ↳ app/views/tweets/index.html.erb:7
  Rendered tweets/_form.html.erb (2.2ms)
  Rendered tweets/_form.html.erb (0.8ms)
  Rendered tweets/index.html.erb within layouts/application (8.7ms)
Completed 200 OK in 32ms (Views: 29.2ms | ActiveRecord: 0.2ms)


Started GET "/tweets?query=t1" for 127.0.0.1 at 2018-08-19 17:21:56 -0300
Processing by TweetsController#index as HTML
  Parameters: {"query"=>"t1"}
  Rendering tweets/index.html.erb within layouts/application
  [1m[36mTweet Exists (0.2ms)[0m  [1m[34mSELECT  1 AS one FROM "tweets" WHERE "tweets"."content" = ? LIMIT ?[0m  [["content", "t1"], ["LIMIT", 1]]
  ↳ app/views/tweets/index.html.erb:7
  [1m[36mTweet Load (0.1ms)[0m  [1m[34mSELECT "tweets".* FROM "tweets" WHERE "tweets"."content" = ?[0m  [["content", "t1"]]
  ↳ app/views/tweets/index.html.erb:8
  Rendered tweets/_form.html.erb (1.4ms)
  Rendered tweets/_form.html.erb (0.7ms)
  Rendered tweets/index.html.erb within layouts/application (7.6ms)
Completed 200 OK in 37ms (Views: 34.4ms | ActiveRecord: 0.3ms)


  [1m[35m (0.1ms)[0m  [1m[34mSELECT "schema_migrations"."version" FROM "schema_migrations" ORDER BY "schema_migrations"."version" ASC[0m
  ↳ bin/rails:9
Migrating to AddTitleToTweet (20180819202724)
  [1m[35m (0.1ms)[0m  [1m[36mbegin transaction[0m
  ↳ bin/rails:9
  [1m[35m (2.0ms)[0m  [1m[35mALTER TABLE "tweets" ADD "title" varchar[0m
  ↳ db/migrate/20180819202724_add_title_to_tweet.rb:3
  [1m[36mActiveRecord::SchemaMigration Create (0.2ms)[0m  [1m[32mINSERT INTO "schema_migrations" ("version") VALUES (?)[0m  [["version", "20180819202724"]]
  ↳ bin/rails:9
  [1m[35m (1.5ms)[0m  [1m[36mcommit transaction[0m
  ↳ bin/rails:9
  [1m[36mActiveRecord::InternalMetadata Load (0.2ms)[0m  [1m[34mSELECT  "ar_internal_metadata".* FROM "ar_internal_metadata" WHERE "ar_internal_metadata"."key" = ? LIMIT ?[0m  [["key", "environment"], ["LIMIT", 1]]
  ↳ bin/rails:9
  [1m[35m (0.1ms)[0m  [1m[36mbegin transaction[0m
  ↳ bin/rails:9
  [1m[35m (0.1ms)[0m  [1m[36mcommit transaction[0m
  ↳ bin/rails:9
  [1m[35m (0.1ms)[0m  [1m[34mSELECT "schema_migrations"."version" FROM "schema_migrations" ORDER BY "schema_migrations"."version" ASC[0m
  ↳ bin/rails:9
Started GET "/tweets" for 127.0.0.1 at 2018-08-19 17:31:57 -0300
  [1m[35m (0.2ms)[0m  [1m[34mSELECT "schema_migrations"."version" FROM "schema_migrations" ORDER BY "schema_migrations"."version" ASC[0m
  ↳ /Users/lsanchez/.rvm/gems/ruby-2.4.1/gems/activerecord-5.2.1/lib/active_record/log_subscriber.rb:98
Processing by TweetsController#index as HTML
  Rendering tweets/index.html.erb within layouts/application
  [1m[36mTweet Exists (0.2ms)[0m  [1m[34mSELECT  1 AS one FROM "tweets" LIMIT ?[0m  [["LIMIT", 1]]
  ↳ app/views/tweets/index.html.erb:7
  [1m[36mTweet Load (0.2ms)[0m  [1m[34mSELECT "tweets".* FROM "tweets"[0m
  ↳ app/views/tweets/index.html.erb:8
  Rendered tweets/_form.html.erb (8.4ms)
  Rendered tweets/_form.html.erb (2.0ms)
  Rendered tweets/index.html.erb within layouts/application (21.6ms)
Completed 200 OK in 279ms (Views: 255.1ms | ActiveRecord: 1.0ms)


Started POST "/tweets" for 127.0.0.1 at 2018-08-19 17:32:03 -0300
Processing by TweetsController#create as HTML
  Parameters: {"utf8"=>"✓", "authenticity_token"=>"cFYEh4mGGhEip/yFb1/XKLCibvNJ5ZM49os9v+YWroytMj2lcuR0M/0WqbM5R/MPsg01pP1b1xlAPs8ciTywqw==", "tweet"=>{"title"=>"nuwvo", "content"=>"conten"}, "commit"=>"Enviar"}
  [1m[35m (0.1ms)[0m  [1m[36mbegin transaction[0m
  ↳ app/controllers/tweets_controller.rb:36
  [1m[36mTweet Create (0.3ms)[0m  [1m[32mINSERT INTO "tweets" ("content", "created_at", "updated_at", "title") VALUES (?, ?, ?, ?)[0m  [["content", "conten"], ["created_at", "2018-08-19 20:32:03.176212"], ["updated_at", "2018-08-19 20:32:03.176212"], ["title", "nuwvo"]]
  ↳ app/controllers/tweets_controller.rb:36
  [1m[35m (1.4ms)[0m  [1m[36mcommit transaction[0m
  ↳ app/controllers/tweets_controller.rb:36
Redirected to http://localhost:3000/tweets
Completed 302 Found in 6ms (ActiveRecord: 1.8ms)


Started GET "/tweets" for 127.0.0.1 at 2018-08-19 17:32:03 -0300
Processing by TweetsController#index as HTML
  Rendering tweets/index.html.erb within layouts/application
  [1m[36mTweet Exists (0.2ms)[0m  [1m[34mSELECT  1 AS one FROM "tweets" LIMIT ?[0m  [["LIMIT", 1]]
  ↳ app/views/tweets/index.html.erb:7
  [1m[36mTweet Load (0.1ms)[0m  [1m[34mSELECT "tweets".* FROM "tweets"[0m
  ↳ app/views/tweets/index.html.erb:8
  Rendered tweets/_form.html.erb (2.3ms)
  Rendered tweets/_form.html.erb (0.9ms)
  Rendered tweets/index.html.erb within layouts/application (9.2ms)
Completed 200 OK in 30ms (Views: 27.8ms | ActiveRecord: 0.3ms)


Started GET "/tweets" for 127.0.0.1 at 2018-08-19 17:32:33 -0300
Processing by TweetsController#index as HTML
  Rendering tweets/index.html.erb within layouts/application
  [1m[36mTweet Exists (0.2ms)[0m  [1m[34mSELECT  1 AS one FROM "tweets" LIMIT ?[0m  [["LIMIT", 1]]
  ↳ app/views/tweets/index.html.erb:7
  [1m[36mTweet Load (0.1ms)[0m  [1m[34mSELECT "tweets".* FROM "tweets"[0m
  ↳ app/views/tweets/index.html.erb:8
  Rendered tweets/_form.html.erb (1.8ms)
  Rendered tweets/_form.html.erb (0.8ms)
  Rendered tweets/index.html.erb within layouts/application (8.2ms)
Completed 200 OK in 28ms (Views: 25.9ms | ActiveRecord: 0.3ms)


